<?xml version="1.0"?>
<testsuite name="HeadlessChrome 75.0.3770 (Windows 10.0.0)" package="" timestamp="2019-07-08T20:45:41" id="0" hostname="DESKTOP-3DK2543" tests="65" errors="0" failures="0" time="13.408">
  <properties>
    <property name="browser.fullName" value="Mozilla/5.0 (Windows NT 10.0; Win64; x64) AppleWebKit/537.36 (KHTML, like Gecko) HeadlessChrome/75.0.3770.100 Safari/537.36"/>
  </properties>
  <testcase name="AccordionComponent should create" time="0.185" classname="AccordionComponent"/>
  <testcase name="AccountProfileComponent should create" time="0.19" classname="AccountProfileComponent"/>
  <testcase name="ConnectionToProducersComponent should create" time="0.128" classname="ConnectionToProducersComponent"/>
  <testcase name="AdminComponent should create" time="0.022" classname="AdminComponent"/>
  <testcase name="AppComponent should create the app" time="0.148" classname="AppComponent"/>
  <testcase name="AppComponent should render title in a span tag" time="0.146" classname="AppComponent"/>
  <testcase name="ApplicationComponent should create" time="0.599" classname="ApplicationComponent"/>
  <testcase name="ApplicationComponent should have the title specified in the application type" time="0.551" classname="ApplicationComponent"/>
  <testcase name="ApplicationComponent should show preamble content if enabled" time="0.507" classname="ApplicationComponent"/>
  <testcase name="ApplicationComponent should hide preamble content if disabled" time="0.513" classname="ApplicationComponent"/>
  <testcase name="ApplicationComponent should show before starting content if enabled" time="0.551" classname="ApplicationComponent"/>
  <testcase name="ApplicationComponent should hide before starting content if disabled" time="0.529" classname="ApplicationComponent"/>
  <testcase name="ApplicationComponent should show declarations content if enabled" time="0.464" classname="ApplicationComponent"/>
  <testcase name="ApplicationComponent should hide declarations content if disabled" time="0.469" classname="ApplicationComponent"/>
  <testcase name="ApplicationComponent should show supporting documents if enabled" time="0.51" classname="ApplicationComponent"/>
  <testcase name="ApplicationComponent should hide supporting documents if disabled" time="0.451" classname="ApplicationComponent"/>
  <testcase name="ApplicationComponent should show financial integrity upload if enabled" time="0.522" classname="ApplicationComponent"/>
  <testcase name="ApplicationComponent should hide financial integrity upload if disabled" time="0.448" classname="ApplicationComponent"/>
  <testcase name="ApplicationComponent should show associate form upload if enabled" time="0.432" classname="ApplicationComponent"/>
  <testcase name="ApplicationComponent should hide associate form upload if disabled" time="0.432" classname="ApplicationComponent"/>
  <testcase name="ApplicationComponent should show property details if enabled" time="0.444" classname="ApplicationComponent"/>
  <testcase name="ApplicationComponent should hide property details if disabled" time="0.431" classname="ApplicationComponent"/>
  <testcase name="ApplicationComponent should show current property if enabled" time="0.44" classname="ApplicationComponent"/>
  <testcase name="ApplicationComponent should hide current property if disabled" time="0.504" classname="ApplicationComponent"/>
  <testcase name="ApplicationComponent should show hours of sale if enabled" time="0.463" classname="ApplicationComponent"/>
  <testcase name="ApplicationComponent should hide hours of sale if disabled" time="0.433" classname="ApplicationComponent"/>
  <testcase name="ApplicationComponent should be invalid if no supporting documents are uploaded" time="0.417" classname="ApplicationComponent"/>
  <testcase name="ApplicationComponent should be valid if supporting documents are uploaded" time="0.417" classname="ApplicationComponent"/>
  <testcase name="ApplicationsAndLicencesComponent should create" time="0.085" classname="ApplicationsAndLicencesComponent"/>
  <testcase name="AssosiateWizardComponent should create" time="0.153" classname="AssosiateWizardComponent"/>
  <testcase name="IndividualAssociatesResultsComponent should create" time="0.095" classname="IndividualAssociatesResultsComponent"/>
  <testcase name="OrganizationResultsComponent should create" time="0.061" classname="OrganizationResultsComponent"/>
  <testcase name="SolePropResultsComponent should create" time="0.081" classname="SolePropResultsComponent"/>
  <testcase name="bceid-confirmation component should do something" time="0.045" classname="bceid-confirmation component"/>
  <testcase name="BreadcrumbComponent should be created" time="0.016" classname="BreadcrumbComponent"/>
  <testcase name="DashboardComponent should create" time="0.105" classname="DashboardComponent"/>
  <testcase name="DashboardComponent should have &quot;Cannabis&quot; in the title" time="0.117" classname="DashboardComponent"/>
  <testcase name="dynamics-form component should do something" time="0.037" classname="dynamics-form component"/>
  <testcase name="form-viewer component should do something" time="0.012" classname="form-viewer component"/>
  <testcase name="GeneralDataService should ..." time="0.006" classname="GeneralDataService"/>
  <testcase name="HomeComponent should create" time="0.034" classname="HomeComponent"/>
  <testcase name="InsertComponent should create" time="0.029" classname="InsertComponent"/>
  <testcase name="newsletter-confirmation component should do something" time="0.018" classname="newsletter-confirmation component"/>
  <testcase name="newsletter-signup component should do something" time="0.016" classname="newsletter-signup component"/>
  <testcase name="NotFound component should do something" time="0.014" classname="NotFound component"/>
  <testcase name="PolicyDocumentSidebar component should do something" time="0.014" classname="PolicyDocumentSidebar component"/>
  <testcase name="PolicyDocument component should do something" time="0.025" classname="PolicyDocument component"/>
  <testcase name="ResultComponent should create" time="0.138" classname="ResultComponent"/>
  <testcase name="SearchBoxDirective should create an instance" time="0.001" classname="SearchBoxDirective"/>
  <testcase name="FieldComponent should create" time="0.021" classname="FieldComponent"/>
  <testcase name="FileUploaderComponent should create" time="0.028" classname="FileUploaderComponent"/>
  <testcase name="StatsViewerComponent should create" time="0.02" classname="StatsViewerComponent"/>
  <testcase name="statusbadge component should do something" time="0.01" classname="statusbadge component"/>
  <testcase name="TermsOfUseComponent should create" time="0.052" classname="TermsOfUseComponent"/>
  <testcase name="vote component should do something" time="0.028" classname="vote component"/>
  <testcase name="WorkerDashboardComponent should create" time="0.084" classname="WorkerDashboardComponent"/>
  <testcase name="WorkerPaymentConfirmationComponent should create" time="0.036" classname="WorkerPaymentConfirmationComponent"/>
  <testcase name="PrePaymentComponent should create" time="0.014" classname="PrePaymentComponent"/>
  <testcase name="SpdConsentComponent should create" time="0.1" classname="SpdConsentComponent"/>
  <testcase name="UserConfirmationComponent should create" time="0.016" classname="UserConfirmationComponent"/>
  <testcase name="WorkerApplicationComponent should create" time="0.351" classname="WorkerApplicationComponent"/>
  <testcase name="WorkerHomeComponent should create" time="0.041" classname="WorkerHomeComponent"/>
  <testcase name="WorkerInformationComponent should create" time="0.058" classname="WorkerInformationComponent"/>
  <testcase name="WorkerQualificationComponent should create" time="0.023" classname="WorkerQualificationComponent"/>
  <testcase name="WorkerTermsAndConditionsComponent should create" time="0.078" classname="WorkerTermsAndConditionsComponent"/>
  <system-out>
    <![CDATA[
]]>
  </system-out>
  <system-err/>
</testsuite>